[2019-11-21 10:11:52.076] [exthost] [info] extension host started
[2019-11-21 10:11:52.089] [exthost] [info] ExtensionService#_doActivateExtension vscode.debug-auto-launch {"startup":true,"activationEvent":"*"}
[2019-11-21 10:11:52.089] [exthost] [info] ExtensionService#loadCommonJSModule file:///opt/visual-studio-code/resources/app/extensions/debug-auto-launch/dist/extension
[2019-11-21 10:11:52.092] [exthost] [info] ExtensionService#_doActivateExtension vscode.emmet {"startup":true,"activationEvent":"*"}
[2019-11-21 10:11:52.093] [exthost] [info] ExtensionService#loadCommonJSModule file:///opt/visual-studio-code/resources/app/extensions/emmet/dist/extension
[2019-11-21 10:11:52.156] [exthost] [info] ExtensionService#_doActivateExtension vscode.git {"startup":true,"activationEvent":"*"}
[2019-11-21 10:11:52.156] [exthost] [info] ExtensionService#loadCommonJSModule file:///opt/visual-studio-code/resources/app/extensions/git/dist/main
[2019-11-21 10:11:52.274] [exthost] [info] ExtensionService#_doActivateExtension vscode.merge-conflict {"startup":true,"activationEvent":"*"}
[2019-11-21 10:11:52.274] [exthost] [info] ExtensionService#loadCommonJSModule file:///opt/visual-studio-code/resources/app/extensions/merge-conflict/dist/extension
[2019-11-21 10:11:52.282] [exthost] [info] ExtensionService#_doActivateExtension HookyQR.beautify {"startup":true,"activationEvent":"*"}
[2019-11-21 10:11:52.282] [exthost] [info] ExtensionService#loadCommonJSModule file:///home/tonio/.vscode/extensions/hookyqr.beautify-1.5.0/extension
[2019-11-21 10:11:52.343] [exthost] [info] ExtensionService#_doActivateExtension PKief.material-icon-theme {"startup":true,"activationEvent":"*"}
[2019-11-21 10:11:52.343] [exthost] [info] ExtensionService#loadCommonJSModule file:///home/tonio/.vscode/extensions/pkief.material-icon-theme-3.9.1/dist/extension
[2019-11-21 10:11:52.360] [exthost] [info] ExtensionService#_doActivateExtension s-nlf-fh.glassit {"startup":true,"activationEvent":"*"}
[2019-11-21 10:11:52.360] [exthost] [info] ExtensionService#loadCommonJSModule file:///home/tonio/.vscode/extensions/s-nlf-fh.glassit-0.1.5/extension
[2019-11-21 10:11:52.424] [exthost] [info] ExtensionService#_doActivateExtension vscodevim.vim {"startup":true,"activationEvent":"*"}
[2019-11-21 10:11:52.424] [exthost] [info] ExtensionService#loadCommonJSModule file:///home/tonio/.vscode/extensions/vscodevim.vim-1.11.3/out/extension
[2019-11-21 10:11:52.811] [exthost] [info] eager extensions activated
[2019-11-21 10:11:52.859] [exthost] [info] ExtensionService#_doActivateExtension ms-vscode.node-debug2 {"startup":false,"activationEvent":"onCommand:extension.node-debug.startAutoAttach"}
[2019-11-21 10:11:52.859] [exthost] [info] ExtensionService#loadCommonJSModule file:///opt/visual-studio-code/resources/app/extensions/ms-vscode.node-debug2/out/src/extension
[2019-11-21 10:11:52.870] [exthost] [info] ExtensionService#_doActivateExtension ms-vscode.node-debug {"startup":false,"activationEvent":"onCommand:extension.node-debug.startAutoAttach"}
[2019-11-21 10:11:52.870] [exthost] [info] ExtensionService#loadCommonJSModule file:///opt/visual-studio-code/resources/app/extensions/ms-vscode.node-debug/dist/extension.js
[2019-11-21 10:12:44.429] [exthost] [info] ExtensionService#_doActivateExtension vscode.configuration-editing {"startup":false,"activationEvent":"onLanguage:json"}
[2019-11-21 10:12:44.429] [exthost] [info] ExtensionService#loadCommonJSModule file:///opt/visual-studio-code/resources/app/extensions/configuration-editing/dist/extension
[2019-11-21 10:12:44.441] [exthost] [info] ExtensionService#_doActivateExtension vscode.extension-editing {"startup":false,"activationEvent":"onLanguage:json"}
[2019-11-21 10:12:44.441] [exthost] [info] ExtensionService#loadCommonJSModule file:///opt/visual-studio-code/resources/app/extensions/extension-editing/dist/extension
[2019-11-21 10:12:44.484] [exthost] [info] ExtensionService#_doActivateExtension vscode.json-language-features {"startup":false,"activationEvent":"onLanguage:json"}
[2019-11-21 10:12:44.484] [exthost] [info] ExtensionService#loadCommonJSModule file:///opt/visual-studio-code/resources/app/extensions/json-language-features/client/dist/jsonMain
[2019-11-21 10:12:44.623] [exthost] [info] ExtensionService#_doActivateExtension vscode.npm {"startup":false,"activationEvent":"onLanguage:json"}
[2019-11-21 10:12:44.623] [exthost] [info] ExtensionService#loadCommonJSModule file:///opt/visual-studio-code/resources/app/extensions/npm/dist/main
[2019-11-21 10:12:45.086] [exthost] [info] ExtensionService#_doActivateExtension vscode.typescript-language-features {"startup":false,"activationEvent":"onLanguage:jsonc"}
[2019-11-21 10:12:45.087] [exthost] [info] ExtensionService#loadCommonJSModule file:///opt/visual-studio-code/resources/app/extensions/typescript-language-features/dist/extension
