[2019-12-01 18:15:57.192] [exthost] [info] extension host started
[2019-12-01 18:15:57.218] [exthost] [info] ExtensionService#_doActivateExtension vscode.typescript-language-features {"startup":false,"activationEvent":"onLanguage:javascript"}
[2019-12-01 18:15:57.218] [exthost] [info] ExtensionService#loadCommonJSModule file:///opt/visual-studio-code/resources/app/extensions/typescript-language-features/dist/extension
[2019-12-01 18:15:57.357] [exthost] [info] ExtensionService#_doActivateExtension vscode.debug-auto-launch {"startup":true,"activationEvent":"*"}
[2019-12-01 18:15:57.357] [exthost] [info] ExtensionService#loadCommonJSModule file:///opt/visual-studio-code/resources/app/extensions/debug-auto-launch/dist/extension
[2019-12-01 18:15:57.360] [exthost] [info] ExtensionService#_doActivateExtension vscode.emmet {"startup":true,"activationEvent":"*"}
[2019-12-01 18:15:57.360] [exthost] [info] ExtensionService#loadCommonJSModule file:///opt/visual-studio-code/resources/app/extensions/emmet/dist/extension
[2019-12-01 18:15:57.416] [exthost] [info] ExtensionService#_doActivateExtension vscode.git {"startup":true,"activationEvent":"*"}
[2019-12-01 18:15:57.416] [exthost] [info] ExtensionService#loadCommonJSModule file:///opt/visual-studio-code/resources/app/extensions/git/dist/main
[2019-12-01 18:15:57.567] [exthost] [info] ExtensionService#_doActivateExtension vscode.merge-conflict {"startup":true,"activationEvent":"*"}
[2019-12-01 18:15:57.567] [exthost] [info] ExtensionService#loadCommonJSModule file:///opt/visual-studio-code/resources/app/extensions/merge-conflict/dist/extension
[2019-12-01 18:15:57.572] [exthost] [info] ExtensionService#_doActivateExtension HookyQR.beautify {"startup":true,"activationEvent":"*"}
[2019-12-01 18:15:57.572] [exthost] [info] ExtensionService#loadCommonJSModule file:///home/tonio/.vscode/extensions/hookyqr.beautify-1.5.0/extension
[2019-12-01 18:15:57.631] [exthost] [info] ExtensionService#_doActivateExtension PKief.material-icon-theme {"startup":true,"activationEvent":"*"}
[2019-12-01 18:15:57.631] [exthost] [info] ExtensionService#loadCommonJSModule file:///home/tonio/.vscode/extensions/pkief.material-icon-theme-3.9.2/dist/extension
[2019-12-01 18:15:57.654] [exthost] [info] ExtensionService#_doActivateExtension s-nlf-fh.glassit {"startup":true,"activationEvent":"*"}
[2019-12-01 18:15:57.654] [exthost] [info] ExtensionService#loadCommonJSModule file:///home/tonio/.vscode/extensions/s-nlf-fh.glassit-0.1.5/extension
[2019-12-01 18:15:57.734] [exthost] [info] ExtensionService#_doActivateExtension vscodevim.vim {"startup":true,"activationEvent":"*"}
[2019-12-01 18:15:57.734] [exthost] [info] ExtensionService#loadCommonJSModule file:///home/tonio/.vscode/extensions/vscodevim.vim-1.11.3/out/extension
[2019-12-01 18:15:58.106] [exthost] [info] ExtensionService#_doActivateExtension vscode.npm {"startup":true,"activationEvent":"workspaceContains:package.json"}
[2019-12-01 18:15:58.106] [exthost] [info] ExtensionService#loadCommonJSModule file:///opt/visual-studio-code/resources/app/extensions/npm/dist/main
[2019-12-01 18:15:58.203] [exthost] [info] eager extensions activated
[2019-12-01 18:15:58.318] [exthost] [info] ExtensionService#_doActivateExtension ms-vscode.node-debug2 {"startup":false,"activationEvent":"onCommand:extension.node-debug.startAutoAttach"}
[2019-12-01 18:15:58.318] [exthost] [info] ExtensionService#loadCommonJSModule file:///opt/visual-studio-code/resources/app/extensions/ms-vscode.node-debug2/out/src/extension
[2019-12-01 18:15:58.366] [exthost] [info] ExtensionService#_doActivateExtension ms-vscode.node-debug {"startup":false,"activationEvent":"onCommand:extension.node-debug.startAutoAttach"}
[2019-12-01 18:15:58.366] [exthost] [info] ExtensionService#loadCommonJSModule file:///opt/visual-studio-code/resources/app/extensions/ms-vscode.node-debug/dist/extension.js
[2019-12-01 18:15:59.017] [exthost] [info] ExtensionService#_doActivateExtension vscode.configuration-editing {"startup":false,"activationEvent":"onLanguage:json"}
[2019-12-01 18:15:59.017] [exthost] [info] ExtensionService#loadCommonJSModule file:///opt/visual-studio-code/resources/app/extensions/configuration-editing/dist/extension
[2019-12-01 18:15:59.045] [exthost] [info] ExtensionService#_doActivateExtension vscode.extension-editing {"startup":false,"activationEvent":"onLanguage:json"}
[2019-12-01 18:15:59.045] [exthost] [info] ExtensionService#loadCommonJSModule file:///opt/visual-studio-code/resources/app/extensions/extension-editing/dist/extension
[2019-12-01 18:15:59.163] [exthost] [info] ExtensionService#_doActivateExtension vscode.json-language-features {"startup":false,"activationEvent":"onLanguage:json"}
[2019-12-01 18:15:59.163] [exthost] [info] ExtensionService#loadCommonJSModule file:///opt/visual-studio-code/resources/app/extensions/json-language-features/client/dist/jsonMain
