Looking for git in: git
Using git 2.23.0 from git
> git rev-parse --show-toplevel
> git rev-parse --git-dir
> git config --get commit.template
Open repository: /home/tonio/dev/apps/hispatecki-front-end
> git status -z -u
> git symbolic-ref --short HEAD
> git rev-parse AMDA
> git rev-parse --symbolic-full-name AMDA@{u}
> git rev-list --left-right AMDA...refs/remotes/origin/AMDA
> git for-each-ref --format %(refname) %(objectname) --sort -committerdate
> git remote --verbose
Failed to watch ref '/home/tonio/dev/apps/hispatecki-front-end/.git/refs/remotes/origin/AMDA', is most likely packed.
Error: ENOENT: no such file or directory, watch '/home/tonio/dev/apps/hispatecki-front-end/.git/refs/remotes/origin/AMDA'
	at FSWatcher.start (internal/fs/watchers.js:164:26)
	at Object.watch (fs.js:1232:11)
	at Object.t.watch (/opt/visual-studio-code/resources/app/extensions/git/dist/main.js:1:594639)
	at T.updateTransientWatchers (/opt/visual-studio-code/resources/app/extensions/git/dist/main.js:1:98365)
	at u.fire (/opt/visual-studio-code/resources/app/out/vs/workbench/services/extensions/node/extensionHostProcess.js:50:227)
	at k.updateModelState (/opt/visual-studio-code/resources/app/extensions/git/dist/main.js:1:116241)
> git check-ignore -v -z --stdin
