[2019-12-31 02:42:46.653] [exthost] [info] extension host started
[2019-12-31 02:42:46.662] [exthost] [info] ExtensionService#_doActivateExtension vscode.debug-auto-launch {"startup":true,"activationEvent":"*"}
[2019-12-31 02:42:46.662] [exthost] [info] ExtensionService#loadCommonJSModule file:///opt/visual-studio-code/resources/app/extensions/debug-auto-launch/dist/extension
[2019-12-31 02:42:46.665] [exthost] [info] ExtensionService#_doActivateExtension vscode.emmet {"startup":true,"activationEvent":"*"}
[2019-12-31 02:42:46.665] [exthost] [info] ExtensionService#loadCommonJSModule file:///opt/visual-studio-code/resources/app/extensions/emmet/dist/extension
[2019-12-31 02:42:46.705] [exthost] [info] ExtensionService#_doActivateExtension vscode.git {"startup":true,"activationEvent":"*"}
[2019-12-31 02:42:46.705] [exthost] [info] ExtensionService#loadCommonJSModule file:///opt/visual-studio-code/resources/app/extensions/git/dist/main
[2019-12-31 02:42:46.793] [exthost] [info] ExtensionService#_doActivateExtension vscode.merge-conflict {"startup":true,"activationEvent":"*"}
[2019-12-31 02:42:46.793] [exthost] [info] ExtensionService#loadCommonJSModule file:///opt/visual-studio-code/resources/app/extensions/merge-conflict/dist/extension
[2019-12-31 02:42:46.799] [exthost] [info] ExtensionService#_doActivateExtension HookyQR.beautify {"startup":true,"activationEvent":"*"}
[2019-12-31 02:42:46.799] [exthost] [info] ExtensionService#loadCommonJSModule file:///home/tonio/.vscode/extensions/hookyqr.beautify-1.5.0/extension
[2019-12-31 02:42:46.840] [exthost] [info] ExtensionService#_doActivateExtension PKief.material-icon-theme {"startup":true,"activationEvent":"*"}
[2019-12-31 02:42:46.840] [exthost] [info] ExtensionService#loadCommonJSModule file:///home/tonio/.vscode/extensions/pkief.material-icon-theme-3.9.2/dist/extension
[2019-12-31 02:42:46.853] [exthost] [info] ExtensionService#_doActivateExtension s-nlf-fh.glassit {"startup":true,"activationEvent":"*"}
[2019-12-31 02:42:46.853] [exthost] [info] ExtensionService#loadCommonJSModule file:///home/tonio/.vscode/extensions/s-nlf-fh.glassit-0.1.5/extension
[2019-12-31 02:42:46.945] [exthost] [info] ExtensionService#_doActivateExtension vscodevim.vim {"startup":true,"activationEvent":"*"}
[2019-12-31 02:42:46.945] [exthost] [info] ExtensionService#loadCommonJSModule file:///home/tonio/.vscode/extensions/vscodevim.vim-1.11.3/out/extension
[2019-12-31 02:42:47.264] [exthost] [info] eager extensions activated
[2019-12-31 02:42:47.305] [exthost] [info] ExtensionService#_doActivateExtension ms-vscode.node-debug2 {"startup":false,"activationEvent":"onCommand:extension.node-debug.startAutoAttach"}
[2019-12-31 02:42:47.305] [exthost] [info] ExtensionService#loadCommonJSModule file:///opt/visual-studio-code/resources/app/extensions/ms-vscode.node-debug2/out/src/extension
[2019-12-31 02:42:47.312] [exthost] [info] ExtensionService#_doActivateExtension ms-vscode.node-debug {"startup":false,"activationEvent":"onCommand:extension.node-debug.startAutoAttach"}
[2019-12-31 02:42:47.312] [exthost] [info] ExtensionService#loadCommonJSModule file:///opt/visual-studio-code/resources/app/extensions/ms-vscode.node-debug/dist/extension.js
