writeCommonTags: couldn't write 'year' tag to 'Hombres G/Hombres G - El ataque de las chicas cocodrilo-v8eLMFVnI_o.m4a' as it's not a positive integer
writeCommonTags: couldn't write 'track' tag to 'Hombres G/Hombres G - El ataque de las chicas cocodrilo-v8eLMFVnI_o.m4a' as it's not a positive integer
writeCommonTags: couldn't write 'year' tag to 'Hombres G/Hombres G - Venezia-i7cEs-1qK5k.m4a' as it's not a positive integer
writeCommonTags: couldn't write 'track' tag to 'Hombres G/Hombres G - Venezia-i7cEs-1qK5k.m4a' as it's not a positive integer
writeCommonTags: couldn't write 'year' tag to 'Hombres G/HOMBRES G Devuelveme A Mi Chica-4iJJCaSyoSw.m4a' as it's not a positive integer
writeCommonTags: couldn't write 'track' tag to 'Hombres G/HOMBRES G Devuelveme A Mi Chica-4iJJCaSyoSw.m4a' as it's not a positive integer
writeCommonTags: couldn't write 'year' tag to 'Hombres G/Hombres G - El ataque de las chicas cocodrilo-v8eLMFVnI_o.m4a' as it's not a positive integer
writeCommonTags: couldn't write 'track' tag to 'Hombres G/Hombres G - El ataque de las chicas cocodrilo-v8eLMFVnI_o.m4a' as it's not a positive integer
writeCommonTags: couldn't write 'year' tag to 'Hombres G/Hombres G - Venezia-i7cEs-1qK5k.m4a' as it's not a positive integer
writeCommonTags: couldn't write 'track' tag to 'Hombres G/Hombres G - Venezia-i7cEs-1qK5k.m4a' as it's not a positive integer
writeCommonTags: couldn't write 'year' tag to 'Hombres G/HOMBRES G Devuelveme A Mi Chica-4iJJCaSyoSw.m4a' as it's not a positive integer
writeCommonTags: couldn't write 'track' tag to 'Hombres G/HOMBRES G Devuelveme A Mi Chica-4iJJCaSyoSw.m4a' as it's not a positive integer
writeCommonTags: couldn't write 'year' tag to 'Hombres G/Hombres G - El ataque de las chicas cocodrilo-v8eLMFVnI_o.m4a' as it's not a positive integer
writeCommonTags: couldn't write 'track' tag to 'Hombres G/Hombres G - El ataque de las chicas cocodrilo-v8eLMFVnI_o.m4a' as it's not a positive integer
writeCommonTags: couldn't write 'year' tag to 'Hombres G/Hombres G - Venezia-i7cEs-1qK5k.m4a' as it's not a positive integer
writeCommonTags: couldn't write 'track' tag to 'Hombres G/Hombres G - Venezia-i7cEs-1qK5k.m4a' as it's not a positive integer
writeCommonTags: couldn't write 'year' tag to 'Hombres G/HOMBRES G Devuelveme A Mi Chica-4iJJCaSyoSw.m4a' as it's not a positive integer
writeCommonTags: couldn't write 'track' tag to 'Hombres G/HOMBRES G Devuelveme A Mi Chica-4iJJCaSyoSw.m4a' as it's not a positive integer
writeCommonTags: couldn't write 'year' tag to 'Patrick Carney/Bojack Horseman- Theme Song (Full Version)-XnkqbHjcU8k.m4a' as it's not a positive integer
writeCommonTags: couldn't write 'track' tag to 'Patrick Carney/Bojack Horseman- Theme Song (Full Version)-XnkqbHjcU8k.m4a' as it's not a positive integer
writeCommonTags: couldn't write 'year' tag to 'Soda Stereo/En la ciudad de la furia.m4a' as it's not a positive integer
writeCommonTags: couldn't write 'track' tag to 'Soda Stereo/En la ciudad de la furia.m4a' as it's not a positive integer
writeCommonTags: couldn't write 'year' tag to 'Soda Stereo/Persiana Americana Letra-uQMcf5qh9D8.m4a' as it's not a positive integer
writeCommonTags: couldn't write 'track' tag to 'Soda Stereo/Persiana Americana Letra-uQMcf5qh9D8.m4a' as it's not a positive integer
writeCommonTags: couldn't write 'year' tag to 'Soda Stereo/Soda Stereo - Cuando pase el temblor-3ZQ4p3Xgilo.m4a' as it's not a positive integer
writeCommonTags: couldn't write 'track' tag to 'Soda Stereo/Soda Stereo - Cuando pase el temblor-3ZQ4p3Xgilo.m4a' as it's not a positive integer
writeCommonTags: couldn't write 'year' tag to 'Soda Stereo/Soda Stereo - Nada Personal.-LTpjcxoDcJ8.m4a' as it's not a positive integer
writeCommonTags: couldn't write 'track' tag to 'Soda Stereo/Soda Stereo - Nada Personal.-LTpjcxoDcJ8.m4a' as it's not a positive integer
writeCommonTags: couldn't write 'year' tag to 'Soda Stereo/En la ciudad de la furia.m4a' as it's not a positive integer
writeCommonTags: couldn't write 'track' tag to 'Soda Stereo/En la ciudad de la furia.m4a' as it's not a positive integer
writeCommonTags: couldn't write 'year' tag to 'Soda Stereo/Persiana Americana Letra-uQMcf5qh9D8.m4a' as it's not a positive integer
writeCommonTags: couldn't write 'track' tag to 'Soda Stereo/Persiana Americana Letra-uQMcf5qh9D8.m4a' as it's not a positive integer
writeCommonTags: couldn't write 'year' tag to 'Soda Stereo/Soda Stereo - Cuando pase el temblor-3ZQ4p3Xgilo.m4a' as it's not a positive integer
writeCommonTags: couldn't write 'track' tag to 'Soda Stereo/Soda Stereo - Cuando pase el temblor-3ZQ4p3Xgilo.m4a' as it's not a positive integer
writeCommonTags: couldn't write 'year' tag to 'Soda Stereo/Soda Stereo - Nada Personal.-LTpjcxoDcJ8.m4a' as it's not a positive integer
writeCommonTags: couldn't write 'track' tag to 'Soda Stereo/Soda Stereo - Nada Personal.-LTpjcxoDcJ8.m4a' as it's not a positive integer
writeCommonTags: couldn't write 'year' tag to 'Soda Stereo/En la ciudad de la furia.m4a' as it's not a positive integer
writeCommonTags: couldn't write 'track' tag to 'Soda Stereo/En la ciudad de la furia.m4a' as it's not a positive integer
writeCommonTags: couldn't write 'year' tag to 'Soda Stereo/Persiana Americana.m4a' as it's not a positive integer
writeCommonTags: couldn't write 'track' tag to 'Soda Stereo/Persiana Americana.m4a' as it's not a positive integer
writeCommonTags: couldn't write 'year' tag to 'Soda Stereo/Soda Stereo - Cuando pase el temblor-3ZQ4p3Xgilo.m4a' as it's not a positive integer
writeCommonTags: couldn't write 'track' tag to 'Soda Stereo/Soda Stereo - Cuando pase el temblor-3ZQ4p3Xgilo.m4a' as it's not a positive integer
writeCommonTags: couldn't write 'year' tag to 'Soda Stereo/Soda Stereo - Nada Personal.-LTpjcxoDcJ8.m4a' as it's not a positive integer
writeCommonTags: couldn't write 'track' tag to 'Soda Stereo/Soda Stereo - Nada Personal.-LTpjcxoDcJ8.m4a' as it's not a positive integer
writeCommonTags: couldn't write 'year' tag to 'Patrick Carney/Bojack Horseman- Theme Song (Full Version)-XnkqbHjcU8k.m4a' as it's not a positive integer
writeCommonTags: couldn't write 'track' tag to 'Patrick Carney/Bojack Horseman- Theme Song (Full Version)-XnkqbHjcU8k.m4a' as it's not a positive integer
writeCommonTags: couldn't write 'year' tag to 'Hombres G/Hombres G - El ataque de las chicas cocodrilo-v8eLMFVnI_o.m4a' as it's not a positive integer
writeCommonTags: couldn't write 'track' tag to 'Hombres G/Hombres G - El ataque de las chicas cocodrilo-v8eLMFVnI_o.m4a' as it's not a positive integer
writeCommonTags: couldn't write 'year' tag to 'Hombres G/Hombres G - Venezia-i7cEs-1qK5k.m4a' as it's not a positive integer
writeCommonTags: couldn't write 'track' tag to 'Hombres G/Hombres G - Venezia-i7cEs-1qK5k.m4a' as it's not a positive integer
writeCommonTags: couldn't write 'year' tag to 'Hombres G/HOMBRES G Devuelveme A Mi Chica-4iJJCaSyoSw.m4a' as it's not a positive integer
writeCommonTags: couldn't write 'track' tag to 'Hombres G/HOMBRES G Devuelveme A Mi Chica-4iJJCaSyoSw.m4a' as it's not a positive integer
writeCommonTags: couldn't write 'year' tag to 'Hombres G/Devuelveme A Mi Chica.m4a' as it's not a positive integer
writeCommonTags: couldn't write 'track' tag to 'Hombres G/Devuelveme A Mi Chica.m4a' as it's not a positive integer
writeCommonTags: couldn't write 'year' tag to 'Hombres G/Hombres G - El ataque de las chicas cocodrilo-v8eLMFVnI_o.m4a' as it's not a positive integer
writeCommonTags: couldn't write 'track' tag to 'Hombres G/Hombres G - El ataque de las chicas cocodrilo-v8eLMFVnI_o.m4a' as it's not a positive integer
writeCommonTags: couldn't write 'year' tag to 'Hombres G/Hombres G - Venezia-i7cEs-1qK5k.m4a' as it's not a positive integer
writeCommonTags: couldn't write 'track' tag to 'Hombres G/Hombres G - Venezia-i7cEs-1qK5k.m4a' as it's not a positive integer
writeCommonTags: couldn't write 'year' tag to 'Soda Stereo/En la ciudad de la furia.m4a' as it's not a positive integer
writeCommonTags: couldn't write 'track' tag to 'Soda Stereo/En la ciudad de la furia.m4a' as it's not a positive integer
writeCommonTags: couldn't write 'year' tag to 'Soda Stereo/Persiana Americana.m4a' as it's not a positive integer
writeCommonTags: couldn't write 'track' tag to 'Soda Stereo/Persiana Americana.m4a' as it's not a positive integer
writeCommonTags: couldn't write 'year' tag to 'Soda Stereo/Soda Stereo - Cuando pase el temblor.m4a' as it's not a positive integer
writeCommonTags: couldn't write 'track' tag to 'Soda Stereo/Soda Stereo - Cuando pase el temblor.m4a' as it's not a positive integer
writeCommonTags: couldn't write 'year' tag to 'Soda Stereo/Soda Stereo - Nada Personal.-LTpjcxoDcJ8.m4a' as it's not a positive integer
writeCommonTags: couldn't write 'track' tag to 'Soda Stereo/Soda Stereo - Nada Personal.-LTpjcxoDcJ8.m4a' as it's not a positive integer
writeCommonTags: couldn't write 'year' tag to 'Soda Stereo/En la ciudad de la furia.m4a' as it's not a positive integer
writeCommonTags: couldn't write 'track' tag to 'Soda Stereo/En la ciudad de la furia.m4a' as it's not a positive integer
writeCommonTags: couldn't write 'year' tag to 'Soda Stereo/Persiana Americana.m4a' as it's not a positive integer
writeCommonTags: couldn't write 'track' tag to 'Soda Stereo/Persiana Americana.m4a' as it's not a positive integer
writeCommonTags: couldn't write 'year' tag to 'Soda Stereo/Soda Stereo - Cuando pase el temblor.m4a' as it's not a positive integer
writeCommonTags: couldn't write 'track' tag to 'Soda Stereo/Soda Stereo - Cuando pase el temblor.m4a' as it's not a positive integer
writeCommonTags: couldn't write 'year' tag to 'Soda Stereo/Soda Stereo - Nada Personal.-LTpjcxoDcJ8.m4a' as it's not a positive integer
writeCommonTags: couldn't write 'track' tag to 'Soda Stereo/Soda Stereo - Nada Personal.-LTpjcxoDcJ8.m4a' as it's not a positive integer
